d:\robotica\proyectos\patronesconcamara\patronesconcamara\x64\release\vc141.pdb
d:\robotica\proyectos\patronesconcamara\patronesconcamara\x64\release\patronimagen.obj
d:\robotica\proyectos\patronesconcamara\patronesconcamara\x64\release\patroncolor.obj
d:\robotica\proyectos\patronesconcamara\patronesconcamara\x64\release\patron.obj
d:\robotica\proyectos\patronesconcamara\patronesconcamara\x64\release\pantalla.obj
d:\robotica\proyectos\patronesconcamara\patronesconcamara\x64\release\main.obj
d:\robotica\proyectos\patronesconcamara\patronesconcamara\x64\release\inicializarpantalla.obj
d:\robotica\proyectos\patronesconcamara\patronesconcamara\x64\release\camaras.obj
d:\robotica\proyectos\patronesconcamara\patronesconcamara\x64\release\camara.obj
d:\robotica\proyectos\patronesconcamara\patronesconcamara\x64\release\patronsinusoidal.obj
d:\robotica\proyectos\patronesconcamara\x64\release\patronesconcamara.exe
d:\robotica\proyectos\patronesconcamara\x64\release\patronesconcamara.pdb
d:\robotica\proyectos\patronesconcamara\x64\release\patronesconcamara.ipdb
d:\robotica\proyectos\patronesconcamara\x64\release\patronesconcamara.iobj
d:\robotica\proyectos\patronesconcamara\patronesconcamara\x64\release\patrones.a8d8dd76.tlog\cl.command.1.tlog
d:\robotica\proyectos\patronesconcamara\patronesconcamara\x64\release\patrones.a8d8dd76.tlog\cl.read.1.tlog
d:\robotica\proyectos\patronesconcamara\patronesconcamara\x64\release\patrones.a8d8dd76.tlog\cl.write.1.tlog
d:\robotica\proyectos\patronesconcamara\patronesconcamara\x64\release\patrones.a8d8dd76.tlog\link.command.1.tlog
d:\robotica\proyectos\patronesconcamara\patronesconcamara\x64\release\patrones.a8d8dd76.tlog\link.read.1.tlog
d:\robotica\proyectos\patronesconcamara\patronesconcamara\x64\release\patrones.a8d8dd76.tlog\link.write.1.tlog
d:\robotica\proyectos\patronesconcamara\patronesconcamara\x64\release\patrones.a8d8dd76.tlog\patronesconcamara.write.1u.tlog
