d:\robotica\proyectos\patronesconcamara\patronesconcamara\x64\debug\vc141.pdb
d:\robotica\proyectos\patronesconcamara\patronesconcamara\x64\debug\vc141.idb
d:\robotica\proyectos\patronesconcamara\patronesconcamara\x64\debug\patronimagen.obj
d:\robotica\proyectos\patronesconcamara\patronesconcamara\x64\debug\patroncolor.obj
d:\robotica\proyectos\patronesconcamara\patronesconcamara\x64\debug\patron.obj
d:\robotica\proyectos\patronesconcamara\patronesconcamara\x64\debug\pantalla.obj
d:\robotica\proyectos\patronesconcamara\patronesconcamara\x64\debug\main.obj
d:\robotica\proyectos\patronesconcamara\patronesconcamara\x64\debug\inicializarpantalla.obj
d:\robotica\proyectos\patronesconcamara\patronesconcamara\x64\debug\camaras.obj
d:\robotica\proyectos\patronesconcamara\patronesconcamara\x64\debug\camara.obj
d:\robotica\proyectos\patronesconcamara\patronesconcamara\x64\debug\patronsinusoidal.obj
d:\robotica\proyectos\patronesconcamara\x64\debug\patronesconcamara.exe
d:\robotica\proyectos\patronesconcamara\x64\debug\patronesconcamara.ilk
d:\robotica\proyectos\patronesconcamara\x64\debug\patronesconcamara.pdb
d:\robotica\proyectos\patronesconcamara\patronesconcamara\x64\debug\patrones.a8d8dd76.tlog\cl.command.1.tlog
d:\robotica\proyectos\patronesconcamara\patronesconcamara\x64\debug\patrones.a8d8dd76.tlog\cl.read.1.tlog
d:\robotica\proyectos\patronesconcamara\patronesconcamara\x64\debug\patrones.a8d8dd76.tlog\cl.write.1.tlog
d:\robotica\proyectos\patronesconcamara\patronesconcamara\x64\debug\patrones.a8d8dd76.tlog\link.2400-cvtres.read.1.tlog
d:\robotica\proyectos\patronesconcamara\patronesconcamara\x64\debug\patrones.a8d8dd76.tlog\link.2400-cvtres.write.1.tlog
d:\robotica\proyectos\patronesconcamara\patronesconcamara\x64\debug\patrones.a8d8dd76.tlog\link.2400-rc.read.1.tlog
d:\robotica\proyectos\patronesconcamara\patronesconcamara\x64\debug\patrones.a8d8dd76.tlog\link.2400-rc.write.1.tlog
d:\robotica\proyectos\patronesconcamara\patronesconcamara\x64\debug\patrones.a8d8dd76.tlog\link.2400.read.1.tlog
d:\robotica\proyectos\patronesconcamara\patronesconcamara\x64\debug\patrones.a8d8dd76.tlog\link.2400.write.1.tlog
d:\robotica\proyectos\patronesconcamara\patronesconcamara\x64\debug\patrones.a8d8dd76.tlog\link.command.1.tlog
d:\robotica\proyectos\patronesconcamara\patronesconcamara\x64\debug\patrones.a8d8dd76.tlog\link.read.1.tlog
d:\robotica\proyectos\patronesconcamara\patronesconcamara\x64\debug\patrones.a8d8dd76.tlog\link.write.1.tlog
